<?xml version="1.0" encoding="UTF-8"?>
<!-- Generated by org.testng.reporters.JUnitReportReporter -->
<testsuite hostname="DESKTOP-1MJ0DPP" failures="0" tests="1" name="Ecommerce.LoginApp" time="3.335" errors="0" timestamp="2023-08-09T14:00:51 IST" skipped="0">
  <testcase classname="Ecommerce.LoginApp" name="createUser" time="3.335"/>
  <system-out/>
</testsuite> <!-- Ecommerce.LoginApp -->
