<?xml version="1.0" encoding="UTF-8"?>
<!-- Generated by org.testng.reporters.JUnitReportReporter -->
<testsuite hostname="DESKTOP-1MJ0DPP" failures="0" tests="1" name="FetchDataFromResponse.Assignment1ToFetchLastnameOfByron" time="3.213" errors="0" timestamp="2023-08-07T14:34:41 IST" skipped="0">
  <testcase classname="FetchDataFromResponse.Assignment1ToFetchLastnameOfByron" name="getUser" time="3.213"/>
  <system-out/>
</testsuite> <!-- FetchDataFromResponse.Assignment1ToFetchLastnameOfByron -->
