<?xml version="1.0" encoding="UTF-8"?>
<!-- Generated by org.testng.reporters.JUnitReportReporter -->
<testsuite hostname="DESKTOP-1MJ0DPP" failures="0" tests="1" name="SerializationAndDeserialization.Get_ListUserGDS" time="2.567" errors="0" timestamp="2023-08-07T15:53:39 IST" skipped="0">
  <testcase classname="SerializationAndDeserialization.Get_ListUserGDS" name="getUser" time="2.567"/>
  <system-out/>
</testsuite> <!-- SerializationAndDeserialization.Get_ListUserGDS -->
