<?xml version="1.0" encoding="UTF-8"?>
<!-- Generated by org.testng.reporters.JUnitReportReporter -->
<testsuite hostname="DESKTOP-1MJ0DPP" failures="0" tests="1" name="FetchDataFromResponse.FetchingDataFromComplexJson" time="3.661" errors="0" timestamp="2023-08-04T16:35:54 IST" skipped="0">
  <testcase classname="FetchDataFromResponse.FetchingDataFromComplexJson" name="getUser" time="3.661"/>
  <system-out/>
</testsuite> <!-- FetchDataFromResponse.FetchingDataFromComplexJson -->
