<?xml version="1.0" encoding="UTF-8"?>
<!-- Generated by org.testng.reporters.JUnitReportReporter -->
<testsuite hostname="DESKTOP-1MJ0DPP" failures="0" tests="1" name="FetchDataFromResponse.GET_LogAllMethod" time="2.231" errors="0" timestamp="2023-08-04T13:55:25 IST" skipped="0">
  <testcase classname="FetchDataFromResponse.GET_LogAllMethod" name="getUser" time="2.231"/>
  <system-out/>
</testsuite> <!-- FetchDataFromResponse.GET_LogAllMethod -->
