<?xml version="1.0" encoding="UTF-8"?>
<!-- Generated by org.testng.reporters.JUnitReportReporter -->
<testsuite hostname="DESKTOP-1MJ0DPP" failures="0" tests="1" name="SerializationAndDeserialization.CreateUserRR" time="3.891" errors="0" timestamp="2023-08-07T15:22:08 IST" skipped="0">
  <testcase classname="SerializationAndDeserialization.CreateUserRR" name="createUser" time="3.891"/>
  <system-out/>
</testsuite> <!-- SerializationAndDeserialization.CreateUserRR -->
