<?xml version="1.0" encoding="UTF-8"?>
<!-- Generated by org.testng.reporters.JUnitReportReporter -->
<testsuite hostname="DESKTOP-1MJ0DPP" failures="0" tests="2" name="Basics.POST_CreatingUser" time="5.105" errors="0" timestamp="2023-08-04T13:22:06 IST" skipped="0">
  <testcase classname="Basics.POST_CreatingUser" name="getUserDetails" time="1.390"/>
  <system-out/>
  <testcase classname="Basics.POST_CreatingUser" name="createUser" time="3.715"/>
  <system-out/>
</testsuite> <!-- Basics.POST_CreatingUser -->
