<?xml version="1.0" encoding="UTF-8"?>
<!-- Generated by org.testng.reporters.JUnitReportReporter -->
<testsuite hostname="DESKTOP-1MJ0DPP" failures="0" tests="1" name="Basics.GET_ListUser" time="2.493" errors="0" timestamp="2023-08-02T19:02:55 IST" skipped="0">
  <testcase classname="Basics.GET_ListUser" name="getUsers" time="2.493"/>
  <system-out/>
</testsuite> <!-- Basics.GET_ListUser -->
