<?xml version="1.0" encoding="UTF-8"?>
<!-- Generated by org.testng.reporters.JUnitReportReporter -->
<testsuite hostname="DESKTOP-1MJ0DPP" failures="0" tests="1" name="Basics.CreateUser_TakingBodyFromOtherClass" time="3.632" errors="0" timestamp="2023-08-07T14:53:08 IST" skipped="0">
  <testcase classname="Basics.CreateUser_TakingBodyFromOtherClass" name="CreateUser" time="3.632"/>
  <system-out/>
</testsuite> <!-- Basics.CreateUser_TakingBodyFromOtherClass -->
