<?xml version="1.0" encoding="UTF-8"?>
<!-- Generated by org.testng.reporters.JUnitReportReporter -->
<testsuite hostname="DESKTOP-1MJ0DPP" failures="0" tests="1" name="Ecommerce.PlaceOrder" time="0.227" errors="0" timestamp="2023-08-09T14:00:51 IST" skipped="0">
  <testcase classname="Ecommerce.PlaceOrder" name="placeOrder" time="0.227"/>
  <system-out/>
</testsuite> <!-- Ecommerce.PlaceOrder -->
